<?xml version="1.0" encoding="UTF-8"?>
<!-- Generated by org.testng.reporters.JUnitReportReporter -->
<testsuite skipped="0" hostname="LAPTOP-75IJT2P0" name="test1" tests="3" failures="0" timestamp="28 七月 2019 13:43:31 GMT" time="0.010" errors="0">
  <testcase name="testSecond" time="0.000" classname="test1"/>
  <testcase name="testThrid" time="0.002" classname="test1"/>
  <testcase name="testOne" time="0.008" classname="test1"/>
</testsuite> <!-- test1 -->
